Flow report for PipelineReg
Wed Oct 23 15:36:40 2024
Quartus Prime Version 23.1std.1 Build 993 05/14/2024 SC Lite Edition


---------------------
; Table of Contents ;
---------------------
  1. Legal Notice
  2. Flow Summary
  3. Flow Settings
  4. Flow Non-Default Global Settings
  5. Flow Elapsed Time
  6. Flow OS Summary
  7. Flow Log
  8. Flow Messages
  9. Flow Suppressed Messages



----------------
; Legal Notice ;
----------------
Copyright (C) 2024  Intel Corporation. All rights reserved.
Your use of Intel Corporation's design tools, logic functions 
and other software and tools, and any partner logic 
functions, and any output files from any of the foregoing 
(including device programming or simulation files), and any 
associated documentation or information are expressly subject 
to the terms and conditions of the Intel Program License 
Subscription Agreement, the Intel Quartus Prime License Agreement,
the Intel FPGA IP License Agreement, or other applicable license
agreement, including, without limitation, that your use is for
the sole purpose of programming logic devices manufactured by
Intel and sold by Intel or its authorized distributors.  Please
refer to the applicable agreement for further details, at
https://fpgasoftware.intel.com/eula.



+----------------------------------------------------------------------------------+
; Flow Summary                                                                     ;
+---------------------------------+------------------------------------------------+
; Flow Status                     ; Successful - Wed Oct 23 15:36:33 2024          ;
; Quartus Prime Version           ; 23.1std.1 Build 993 05/14/2024 SC Lite Edition ;
; Revision Name                   ; PipelineReg                                    ;
; Top-level Entity Name           ; top                                            ;
; Family                          ; Cyclone V                                      ;
; Device                          ; 5CEBA4F23C7                                    ;
; Timing Models                   ; Final                                          ;
; Logic utilization (in ALMs)     ; 1,477 / 18,480 ( 8 % )                         ;
; Total registers                 ; 2086                                           ;
; Total pins                      ; 17 / 224 ( 8 % )                               ;
; Total virtual pins              ; 0                                              ;
; Total block memory bits         ; 313,024 / 3,153,920 ( 10 % )                   ;
; Total DSP Blocks                ; 1 / 66 ( 2 % )                                 ;
; Total HSSI RX PCSs              ; 0                                              ;
; Total HSSI PMA RX Deserializers ; 0                                              ;
; Total HSSI TX PCSs              ; 0                                              ;
; Total HSSI PMA TX Serializers   ; 0                                              ;
; Total PLLs                      ; 1 / 4 ( 25 % )                                 ;
; Total DLLs                      ; 0 / 4 ( 0 % )                                  ;
+---------------------------------+------------------------------------------------+


+-----------------------------------------+
; Flow Settings                           ;
+-------------------+---------------------+
; Option            ; Setting             ;
+-------------------+---------------------+
; Start date & time ; 10/23/2024 15:35:33 ;
; Main task         ; Compilation         ;
; Revision Name     ; PipelineReg         ;
+-------------------+---------------------+


+-------------------------------------------------------------------------------------------------------------------------+
; Flow Non-Default Global Settings                                                                                        ;
+-------------------------------------+----------------------------------------+---------------+-------------+------------+
; Assignment Name                     ; Value                                  ; Default Value ; Entity Name ; Section Id ;
+-------------------------------------+----------------------------------------+---------------+-------------+------------+
; COMPILER_SIGNATURE_ID               ; 88974377894573.172971213302660         ; --            ; --          ; --         ;
; MAX_CORE_JUNCTION_TEMP              ; 85                                     ; --            ; --          ; --         ;
; MIN_CORE_JUNCTION_TEMP              ; 0                                      ; --            ; --          ; --         ;
; MISC_FILE                           ; RAMTWOPORT.bsf                         ; --            ; --          ; --         ;
; MISC_FILE                           ; instrMem.bsf                           ; --            ; --          ; --         ;
; MISC_FILE                           ; dataMem.bsf                            ; --            ; --          ; --         ;
; NUM_PARALLEL_PROCESSORS             ; 8                                      ; --            ; --          ; --         ;
; PARTITION_COLOR                     ; -- (Not supported for targeted family) ; --            ; DE0_CV      ; Top        ;
; PARTITION_COLOR                     ; -- (Not supported for targeted family) ; --            ; top         ; Top        ;
; PARTITION_FITTER_PRESERVATION_LEVEL ; -- (Not supported for targeted family) ; --            ; DE0_CV      ; Top        ;
; PARTITION_FITTER_PRESERVATION_LEVEL ; -- (Not supported for targeted family) ; --            ; top         ; Top        ;
; PARTITION_NETLIST_TYPE              ; -- (Not supported for targeted family) ; --            ; DE0_CV      ; Top        ;
; PARTITION_NETLIST_TYPE              ; -- (Not supported for targeted family) ; --            ; top         ; Top        ;
; POWER_BOARD_THERMAL_MODEL           ; None (CONSERVATIVE)                    ; --            ; --          ; --         ;
; POWER_PRESET_COOLING_SOLUTION       ; 23 MM HEAT SINK WITH 200 LFPM AIRFLOW  ; --            ; --          ; --         ;
; PROJECT_OUTPUT_DIRECTORY            ; output_files                           ; --            ; --          ; --         ;
; SMART_RECOMPILE                     ; On                                     ; Off           ; --          ; --         ;
; TOP_LEVEL_ENTITY                    ; top                                    ; PipelineReg   ; --          ; --         ;
+-------------------------------------+----------------------------------------+---------------+-------------+------------+


+--------------------------------------------------------------------------------------------------------------------------+
; Flow Elapsed Time                                                                                                        ;
+----------------------+--------------+-------------------------+---------------------+------------------------------------+
; Module Name          ; Elapsed Time ; Average Processors Used ; Peak Virtual Memory ; Total CPU Time (on all processors) ;
+----------------------+--------------+-------------------------+---------------------+------------------------------------+
; Analysis & Synthesis ; 00:00:13     ; 1.0                     ; 4917 MB             ; 00:00:22                           ;
; Fitter               ; 00:00:43     ; 1.4                     ; 6779 MB             ; 00:03:11                           ;
; Assembler            ; 00:00:02     ; 1.0                     ; 4872 MB             ; 00:00:03                           ;
; Timing Analyzer      ; 00:00:06     ; 2.6                     ; 5224 MB             ; 00:00:13                           ;
; Total                ; 00:01:04     ; --                      ; --                  ; 00:03:49                           ;
+----------------------+--------------+-------------------------+---------------------+------------------------------------+


+------------------------------------------------------------------------------------+
; Flow OS Summary                                                                    ;
+----------------------+------------------+------------+------------+----------------+
; Module Name          ; Machine Hostname ; OS Name    ; OS Version ; Processor type ;
+----------------------+------------------+------------+------------+----------------+
; Analysis & Synthesis ; LiamTop          ; Windows 10 ; 10.0       ; x86_64         ;
; Fitter               ; LiamTop          ; Windows 10 ; 10.0       ; x86_64         ;
; Assembler            ; LiamTop          ; Windows 10 ; 10.0       ; x86_64         ;
; Timing Analyzer      ; LiamTop          ; Windows 10 ; 10.0       ; x86_64         ;
+----------------------+------------------+------------+------------+----------------+


------------
; Flow Log ;
------------
quartus_map --read_settings_files=on --write_settings_files=off RegFileMem -c PipelineReg
quartus_fit --read_settings_files=off --write_settings_files=off RegFileMem -c PipelineReg
quartus_asm --read_settings_files=off --write_settings_files=off RegFileMem -c PipelineReg
quartus_sta RegFileMem -c PipelineReg



